Event    1 - Start Document
Event    2 - Start node X3D with 1 attribute(s): profile 
Event    3 - Start node head with 0 attribute(s): 
Event    4 - Start node meta with 2 attribute(s): name profile 
Event    5 - End node meta
Event    6 - End node head
Event    7 - Start node Scene with 0 attribute(s): 
Event    8 - Start node WorldInfo with 2 attribute(s): info title 
Event    9 - End node WorldInfo
Event   10 - Start node Transform with 0 attribute(s): 
Event   11 - Start node Shape with 0 attribute(s): 
Event   12 - Start node Appearance with 0 attribute(s): 
Event   13 - Start node Material with 0 attribute(s): 
Event   14 - End node Material
Event   15 - End node Appearance
Event   16 - Start node Cylinder with 2 attribute(s): height radius 
Event   17 - End node Cylinder
Event   18 - End node Shape
Event   19 - End node Transform
Event   20 - End node Scene
Event   21 - End node X3D
Event   22 - End Document