Event    1 - Start Document
Event    2 - Start node X3D with 1 attribute(s): profile 
Event    3 - Start node head with 0 attribute(s): 
Event    4 - Start node meta with 2 attribute(s): name profile 
Event    5 - End node meta
Event    6 - End node head
Event    7 - Start node Scene with 0 attribute(s): 
Event    8 - Start node Transform with 1 attribute(s): translation 
Event    9 - Start node Shape with 0 attribute(s): 
Event   10 - Start node Cylinder with 3 attribute(s): bottom side solid 
Event   11 - End node Cylinder
Event   12 - End node Shape
Event   13 - End node Transform
Event   14 - Start node Transform with 1 attribute(s): translation 
Event   15 - Start node Shape with 0 attribute(s): 
Event   16 - Start node Cylinder with 2 attribute(s): side solid 
Event   17 - End node Cylinder
Event   18 - End node Shape
Event   19 - End node Transform
Event   20 - Start node Transform with 2 attribute(s): translation rotation 
Event   21 - Start node Shape with 0 attribute(s): 
Event   22 - Start node Cylinder with 3 attribute(s): bottom top solid 
Event   23 - End node Cylinder
Event   24 - End node Shape
Event   25 - End node Transform
Event   26 - Start node Transform with 1 attribute(s): translation 
Event   27 - Start node Shape with 0 attribute(s): 
Event   28 - Start node Appearance with 0 attribute(s): 
Event   29 - Start node Material with 0 attribute(s): 
Event   30 - End node Material
Event   31 - End node Appearance
Event   32 - Start node Cylinder with 1 attribute(s): radius 
Event   33 - End node Cylinder
Event   34 - End node Shape
Event   35 - End node Transform
Event   36 - Start node Transform with 1 attribute(s): translation 
Event   37 - Start node Shape with 0 attribute(s): 
Event   38 - Start node Appearance with 0 attribute(s): 
Event   39 - Start node Material with 0 attribute(s): 
Event   40 - End node Material
Event   41 - End node Appearance
Event   42 - Start node Cylinder with 1 attribute(s): height 
Event   43 - End node Cylinder
Event   44 - End node Shape
Event   45 - End node Transform
Event   46 - Start node Transform with 1 attribute(s): translation 
Event   47 - Start node Shape with 0 attribute(s): 
Event   48 - Start node Appearance with 0 attribute(s): 
Event   49 - Start node Material with 0 attribute(s): 
Event   50 - End node Material
Event   51 - End node Appearance
Event   52 - Start node Cylinder with 1 attribute(s): height 
Event   53 - End node Cylinder
Event   54 - End node Shape
Event   55 - End node Transform
Event   56 - Start node Transform with 1 attribute(s): translation 
Event   57 - Start node Shape with 0 attribute(s): 
Event   58 - Start node Appearance with 0 attribute(s): 
Event   59 - Start node Material with 0 attribute(s): 
Event   60 - End node Material
Event   61 - End node Appearance
Event   62 - Start node Cylinder with 1 attribute(s): radius 
Event   63 - End node Cylinder
Event   64 - End node Shape
Event   65 - End node Transform
Event   66 - Start node Transform with 1 attribute(s): translation 
Event   67 - Start node Shape with 0 attribute(s): 
Event   68 - Start node Appearance with 0 attribute(s): 
Event   69 - Start node Material with 0 attribute(s): 
Event   70 - End node Material
Event   71 - End node Appearance
Event   72 - Start node Cylinder with 1 attribute(s): radius 
Event   73 - End node Cylinder
Event   74 - End node Shape
Event   75 - End node Transform
Event   76 - Start node Transform with 1 attribute(s): translation 
Event   77 - Start node Shape with 0 attribute(s): 
Event   78 - Start node Appearance with 0 attribute(s): 
Event   79 - Start node Material with 0 attribute(s): 
Event   80 - End node Material
Event   81 - End node Appearance
Event   82 - Start node Cylinder with 4 attribute(s): height top bottom solid 
Event   83 - End node Cylinder
Event   84 - End node Shape
Event   85 - End node Transform
Event   86 - End node Scene
Event   87 - End node X3D
Event   88 - End Document