Event    1 - Start Document
Event    2 - Start node X3D with 1 attribute(s): profile 
Event    3 - Start node head with 0 attribute(s): 
Event    4 - Start node meta with 2 attribute(s): name profile 
Event    5 - End node meta
Event    6 - End node head
Event    7 - Start node Scene with 0 attribute(s): 
Event    8 - Start node Transform with 1 attribute(s): translation 
Event    9 - Start node Shape with 0 attribute(s): 
Event   10 - Start node Box with 1 attribute(s): size 
Event   11 - End node Box
Event   12 - Start node Appearance with 0 attribute(s): 
Event   13 - Start node Material with 2 attribute(s): diffuseColor emissiveColor 
Event   14 - End node Material
Event   15 - End node Appearance
Event   16 - End node Shape
Event   17 - End node Transform
Event   18 - Start node Transform with 1 attribute(s): translation 
Event   19 - Start node Shape with 0 attribute(s): 
Event   20 - Start node Box with 1 attribute(s): size 
Event   21 - End node Box
Event   22 - Start node Appearance with 0 attribute(s): 
Event   23 - Start node ImageTexture with 1 attribute(s): url 
Event   24 - End node ImageTexture
Event   25 - End node Appearance
Event   26 - End node Shape
Event   27 - End node Transform
Event   28 - Start node Transform with 1 attribute(s): translation 
Event   29 - Start node Shape with 0 attribute(s): 
Event   30 - Start node Box with 1 attribute(s): size 
Event   31 - End node Box
Event   32 - Start node Appearance with 0 attribute(s): 
Event   33 - Start node ImageTexture with 1 attribute(s): url 
Event   34 - End node ImageTexture
Event   35 - End node Appearance
Event   36 - End node Shape
Event   37 - End node Transform
Event   38 - Start node Transform with 1 attribute(s): translation 
Event   39 - Start node Shape with 0 attribute(s): 
Event   40 - Start node Box with 1 attribute(s): size 
Event   41 - End node Box
Event   42 - Start node Appearance with 0 attribute(s): 
Event   43 - Start node ImageTexture with 1 attribute(s): url 
Event   44 - End node ImageTexture
Event   45 - End node Appearance
Event   46 - End node Shape
Event   47 - End node Transform
Event   48 - Start node Transform with 1 attribute(s): translation 
Event   49 - Start node Shape with 0 attribute(s): 
Event   50 - Start node Box with 1 attribute(s): size 
Event   51 - End node Box
Event   52 - Start node Appearance with 0 attribute(s): 
Event   53 - Start node Material with 1 attribute(s): diffuseColor 
Event   54 - End node Material
Event   55 - Start node ImageTexture with 1 attribute(s): url 
Event   56 - End node ImageTexture
Event   57 - End node Appearance
Event   58 - End node Shape
Event   59 - End node Transform
Event   60 - Start node Transform with 1 attribute(s): translation 
Event   61 - Start node Shape with 0 attribute(s): 
Event   62 - Start node Box with 1 attribute(s): size 
Event   63 - End node Box
Event   64 - Start node Appearance with 0 attribute(s): 
Event   65 - Start node Material with 1 attribute(s): diffuseColor 
Event   66 - End node Material
Event   67 - Start node ImageTexture with 1 attribute(s): url 
Event   68 - End node ImageTexture
Event   69 - End node Appearance
Event   70 - End node Shape
Event   71 - End node Transform
Event   72 - Start node Transform with 1 attribute(s): translation 
Event   73 - Start node Shape with 0 attribute(s): 
Event   74 - Start node Box with 1 attribute(s): size 
Event   75 - End node Box
Event   76 - Start node Appearance with 0 attribute(s): 
Event   77 - Start node Material with 1 attribute(s): diffuseColor 
Event   78 - End node Material
Event   79 - Start node ImageTexture with 1 attribute(s): url 
Event   80 - End node ImageTexture
Event   81 - End node Appearance
Event   82 - End node Shape
Event   83 - End node Transform
Event   84 - Start node Transform with 1 attribute(s): translation 
Event   85 - Start node Shape with 0 attribute(s): 
Event   86 - Start node Box with 1 attribute(s): size 
Event   87 - End node Box
Event   88 - Start node Appearance with 0 attribute(s): 
Event   89 - Start node ImageTexture with 1 attribute(s): url 
Event   90 - End node ImageTexture
Event   91 - End node Appearance
Event   92 - End node Shape
Event   93 - End node Transform
Event   94 - Start node Transform with 1 attribute(s): translation 
Event   95 - Start node Shape with 0 attribute(s): 
Event   96 - Start node Box with 1 attribute(s): size 
Event   97 - End node Box
Event   98 - Start node Appearance with 0 attribute(s): 
Event   99 - Start node ImageTexture with 1 attribute(s): url 
Event  100 - End node ImageTexture
Event  101 - End node Appearance
Event  102 - End node Shape
Event  103 - End node Transform
Event  104 - Start node Transform with 1 attribute(s): translation 
Event  105 - Start node Shape with 0 attribute(s): 
Event  106 - Start node Box with 1 attribute(s): size 
Event  107 - End node Box
Event  108 - Start node Appearance with 0 attribute(s): 
Event  109 - Start node Material with 1 attribute(s): diffuseColor 
Event  110 - End node Material
Event  111 - Start node ImageTexture with 1 attribute(s): url 
Event  112 - End node ImageTexture
Event  113 - End node Appearance
Event  114 - End node Shape
Event  115 - End node Transform
Event  116 - Start node Transform with 1 attribute(s): translation 
Event  117 - Start node Shape with 0 attribute(s): 
Event  118 - Start node Box with 1 attribute(s): size 
Event  119 - End node Box
Event  120 - Start node Appearance with 0 attribute(s): 
Event  121 - Start node Material with 1 attribute(s): diffuseColor 
Event  122 - End node Material
Event  123 - Start node ImageTexture with 1 attribute(s): url 
Event  124 - End node ImageTexture
Event  125 - End node Appearance
Event  126 - End node Shape
Event  127 - End node Transform
Event  128 - Start node Transform with 1 attribute(s): translation 
Event  129 - Start node Shape with 0 attribute(s): 
Event  130 - Start node Box with 1 attribute(s): size 
Event  131 - End node Box
Event  132 - Start node Appearance with 0 attribute(s): 
Event  133 - Start node Material with 1 attribute(s): diffuseColor 
Event  134 - End node Material
Event  135 - Start node ImageTexture with 1 attribute(s): url 
Event  136 - End node ImageTexture
Event  137 - End node Appearance
Event  138 - End node Shape
Event  139 - End node Transform
Event  140 - Start node Transform with 1 attribute(s): translation 
Event  141 - Start node Shape with 0 attribute(s): 
Event  142 - Start node Box with 1 attribute(s): size 
Event  143 - End node Box
Event  144 - Start node Appearance with 0 attribute(s): 
Event  145 - Start node Material with 1 attribute(s): diffuseColor 
Event  146 - End node Material
Event  147 - Start node ImageTexture with 1 attribute(s): url 
Event  148 - End node ImageTexture
Event  149 - End node Appearance
Event  150 - End node Shape
Event  151 - End node Transform
Event  152 - End node Scene
Event  153 - End node X3D
Event  154 - End Document