Event    1 - Start Document
Event    2 - Start node X3D with 1 attribute(s): profile 
Event    3 - Start node head with 0 attribute(s): 
Event    4 - Start node meta with 2 attribute(s): name profile 
Event    5 - End node meta
Event    6 - End node head
Event    7 - Start node Scene with 0 attribute(s): 
Event    8 - Start node Transform with 2 attribute(s): translation rotation 
Event    9 - Start node Shape with 0 attribute(s): 
Event   10 - Start node Appearance with 0 attribute(s): 
Event   11 - Start node Material with 1 attribute(s): diffuseColor 
Event   12 - End node Material
Event   13 - End node Appearance
Event   14 - Start node IndexedFaceSet with 1 attribute(s): coordIndex 
Event   15 - Start node Coordinate with 1 attribute(s): point 
Event   16 - End node Coordinate
Event   17 - End node IndexedFaceSet
Event   18 - End node Shape
Event   19 - End node Transform
Event   20 - Start node Transform with 2 attribute(s): translation rotation 
Event   21 - Start node Shape with 0 attribute(s): 
Event   22 - Start node Appearance with 0 attribute(s): 
Event   23 - Start node Material with 1 attribute(s): diffuseColor 
Event   24 - End node Material
Event   25 - End node Appearance
Event   26 - Start node IndexedFaceSet with 1 attribute(s): coordIndex 
Event   27 - Start node Coordinate with 1 attribute(s): point 
Event   28 - End node Coordinate
Event   29 - End node IndexedFaceSet
Event   30 - End node Shape
Event   31 - End node Transform
Event   32 - Start node Transform with 2 attribute(s): translation rotation 
Event   33 - Start node Shape with 0 attribute(s): 
Event   34 - Start node Appearance with 0 attribute(s): 
Event   35 - Start node Material with 1 attribute(s): diffuseColor 
Event   36 - End node Material
Event   37 - End node Appearance
Event   38 - Start node IndexedFaceSet with 1 attribute(s): coordIndex 
Event   39 - Start node Coordinate with 1 attribute(s): point 
Event   40 - End node Coordinate
Event   41 - End node IndexedFaceSet
Event   42 - End node Shape
Event   43 - End node Transform
Event   44 - Start node Transform with 2 attribute(s): translation rotation 
Event   45 - Start node Shape with 0 attribute(s): 
Event   46 - Start node Appearance with 0 attribute(s): 
Event   47 - Start node Material with 1 attribute(s): diffuseColor 
Event   48 - End node Material
Event   49 - End node Appearance
Event   50 - Start node IndexedFaceSet with 1 attribute(s): coordIndex 
Event   51 - Start node Coordinate with 1 attribute(s): point 
Event   52 - End node Coordinate
Event   53 - End node IndexedFaceSet
Event   54 - End node Shape
Event   55 - End node Transform
Event   56 - Start node Transform with 2 attribute(s): translation rotation 
Event   57 - Start node Shape with 0 attribute(s): 
Event   58 - Start node Appearance with 0 attribute(s): 
Event   59 - Start node Material with 1 attribute(s): diffuseColor 
Event   60 - End node Material
Event   61 - End node Appearance
Event   62 - Start node IndexedFaceSet with 1 attribute(s): coordIndex 
Event   63 - Start node Coordinate with 1 attribute(s): point 
Event   64 - End node Coordinate
Event   65 - End node IndexedFaceSet
Event   66 - End node Shape
Event   67 - End node Transform
Event   68 - Start node Transform with 2 attribute(s): translation rotation 
Event   69 - Start node Shape with 0 attribute(s): 
Event   70 - Start node Appearance with 0 attribute(s): 
Event   71 - Start node Material with 1 attribute(s): diffuseColor 
Event   72 - End node Material
Event   73 - End node Appearance
Event   74 - Start node IndexedFaceSet with 1 attribute(s): coordIndex 
Event   75 - Start node Coordinate with 1 attribute(s): point 
Event   76 - End node Coordinate
Event   77 - End node IndexedFaceSet
Event   78 - End node Shape
Event   79 - End node Transform
Event   80 - End node Scene
Event   81 - End node X3D
Event   82 - End Document