Event    1 - Start Document
Event    2 - Start node X3D with 1 attribute(s): profile 
Event    3 - Start node head with 0 attribute(s): 
Event    4 - Start node meta with 2 attribute(s): name profile 
Event    5 - End node meta
Event    6 - End node head
Event    7 - Start node Scene with 0 attribute(s): 
Event    8 - Start node NavigationInfo with 1 attribute(s): headlight 
Event    9 - End node NavigationInfo
Event   10 - Start node Transform with 1 attribute(s): translation 
Event   11 - Start node Shape with 0 attribute(s): 
Event   12 - Start node Box with 1 attribute(s): size 
Event   13 - End node Box
Event   14 - Start node Appearance with 0 attribute(s): 
Event   15 - Start node Material with 2 attribute(s): diffuseColor emissiveColor 
Event   16 - End node Material
Event   17 - End node Appearance
Event   18 - End node Shape
Event   19 - End node Transform
Event   20 - Start node Transform with 1 attribute(s): translation 
Event   21 - Start node Shape with 0 attribute(s): 
Event   22 - Start node Box with 1 attribute(s): size 
Event   23 - End node Box
Event   24 - Start node Appearance with 0 attribute(s): 
Event   25 - Start node Material with 1 attribute(s): diffuseColor 
Event   26 - End node Material
Event   27 - Start node MultiTexture with 1 attribute(s): mode 
Event   28 - Start node ImageTexture with 1 attribute(s): url 
Event   29 - End node ImageTexture
Event   30 - End node MultiTexture
Event   31 - End node Appearance
Event   32 - End node Shape
Event   33 - End node Transform
Event   34 - Start node Transform with 1 attribute(s): translation 
Event   35 - Start node Shape with 0 attribute(s): 
Event   36 - Start node Box with 1 attribute(s): size 
Event   37 - End node Box
Event   38 - Start node Appearance with 0 attribute(s): 
Event   39 - Start node Material with 1 attribute(s): diffuseColor 
Event   40 - End node Material
Event   41 - Start node MultiTexture with 1 attribute(s): mode 
Event   42 - Start node ImageTexture with 1 attribute(s): url 
Event   43 - End node ImageTexture
Event   44 - End node MultiTexture
Event   45 - End node Appearance
Event   46 - End node Shape
Event   47 - End node Transform
Event   48 - Start node Transform with 1 attribute(s): translation 
Event   49 - Start node Shape with 0 attribute(s): 
Event   50 - Start node Box with 1 attribute(s): size 
Event   51 - End node Box
Event   52 - Start node Appearance with 0 attribute(s): 
Event   53 - Start node Material with 1 attribute(s): diffuseColor 
Event   54 - End node Material
Event   55 - Start node MultiTexture with 1 attribute(s): mode 
Event   56 - Start node ImageTexture with 1 attribute(s): url 
Event   57 - End node ImageTexture
Event   58 - End node MultiTexture
Event   59 - End node Appearance
Event   60 - End node Shape
Event   61 - End node Transform
Event   62 - Start node Transform with 1 attribute(s): translation 
Event   63 - Start node Shape with 0 attribute(s): 
Event   64 - Start node Box with 1 attribute(s): size 
Event   65 - End node Box
Event   66 - Start node Appearance with 0 attribute(s): 
Event   67 - Start node Material with 1 attribute(s): diffuseColor 
Event   68 - End node Material
Event   69 - Start node MultiTexture with 1 attribute(s): mode 
Event   70 - Start node ImageTexture with 1 attribute(s): url 
Event   71 - End node ImageTexture
Event   72 - End node MultiTexture
Event   73 - End node Appearance
Event   74 - End node Shape
Event   75 - End node Transform
Event   76 - Start node Transform with 1 attribute(s): translation 
Event   77 - Start node Shape with 0 attribute(s): 
Event   78 - Start node Box with 1 attribute(s): size 
Event   79 - End node Box
Event   80 - Start node Appearance with 0 attribute(s): 
Event   81 - Start node Material with 1 attribute(s): diffuseColor 
Event   82 - End node Material
Event   83 - Start node MultiTexture with 1 attribute(s): mode 
Event   84 - Start node ImageTexture with 1 attribute(s): url 
Event   85 - End node ImageTexture
Event   86 - End node MultiTexture
Event   87 - End node Appearance
Event   88 - End node Shape
Event   89 - End node Transform
Event   90 - Start node Transform with 1 attribute(s): translation 
Event   91 - Start node Shape with 0 attribute(s): 
Event   92 - Start node Box with 1 attribute(s): size 
Event   93 - End node Box
Event   94 - Start node Appearance with 0 attribute(s): 
Event   95 - Start node Material with 1 attribute(s): diffuseColor 
Event   96 - End node Material
Event   97 - Start node MultiTexture with 1 attribute(s): mode 
Event   98 - Start node ImageTexture with 1 attribute(s): url 
Event   99 - End node ImageTexture
Event  100 - End node MultiTexture
Event  101 - End node Appearance
Event  102 - End node Shape
Event  103 - End node Transform
Event  104 - Start node Transform with 1 attribute(s): translation 
Event  105 - Start node Shape with 0 attribute(s): 
Event  106 - Start node Box with 1 attribute(s): size 
Event  107 - End node Box
Event  108 - Start node Appearance with 0 attribute(s): 
Event  109 - Start node Material with 1 attribute(s): diffuseColor 
Event  110 - End node Material
Event  111 - Start node MultiTexture with 1 attribute(s): mode 
Event  112 - Start node ImageTexture with 1 attribute(s): url 
Event  113 - End node ImageTexture
Event  114 - End node MultiTexture
Event  115 - End node Appearance
Event  116 - End node Shape
Event  117 - End node Transform
Event  118 - Start node Transform with 1 attribute(s): translation 
Event  119 - Start node Shape with 0 attribute(s): 
Event  120 - Start node Box with 1 attribute(s): size 
Event  121 - End node Box
Event  122 - Start node Appearance with 0 attribute(s): 
Event  123 - Start node Material with 1 attribute(s): diffuseColor 
Event  124 - End node Material
Event  125 - Start node MultiTexture with 1 attribute(s): mode 
Event  126 - Start node ImageTexture with 1 attribute(s): url 
Event  127 - End node ImageTexture
Event  128 - End node MultiTexture
Event  129 - End node Appearance
Event  130 - End node Shape
Event  131 - End node Transform
Event  132 - Start node Transform with 1 attribute(s): translation 
Event  133 - Start node Shape with 0 attribute(s): 
Event  134 - Start node Box with 1 attribute(s): size 
Event  135 - End node Box
Event  136 - Start node Appearance with 0 attribute(s): 
Event  137 - Start node Material with 1 attribute(s): diffuseColor 
Event  138 - End node Material
Event  139 - Start node MultiTexture with 1 attribute(s): mode 
Event  140 - Start node ImageTexture with 1 attribute(s): url 
Event  141 - End node ImageTexture
Event  142 - End node MultiTexture
Event  143 - End node Appearance
Event  144 - End node Shape
Event  145 - End node Transform
Event  146 - Start node Transform with 1 attribute(s): translation 
Event  147 - Start node Shape with 0 attribute(s): 
Event  148 - Start node Box with 1 attribute(s): size 
Event  149 - End node Box
Event  150 - Start node Appearance with 0 attribute(s): 
Event  151 - Start node Material with 1 attribute(s): diffuseColor 
Event  152 - End node Material
Event  153 - Start node MultiTexture with 1 attribute(s): mode 
Event  154 - Start node ImageTexture with 1 attribute(s): url 
Event  155 - End node ImageTexture
Event  156 - End node MultiTexture
Event  157 - End node Appearance
Event  158 - End node Shape
Event  159 - End node Transform
Event  160 - Start node Transform with 1 attribute(s): translation 
Event  161 - Start node Shape with 0 attribute(s): 
Event  162 - Start node Box with 1 attribute(s): size 
Event  163 - End node Box
Event  164 - Start node Appearance with 0 attribute(s): 
Event  165 - Start node Material with 1 attribute(s): diffuseColor 
Event  166 - End node Material
Event  167 - Start node MultiTexture with 1 attribute(s): mode 
Event  168 - Start node ImageTexture with 1 attribute(s): url 
Event  169 - End node ImageTexture
Event  170 - End node MultiTexture
Event  171 - End node Appearance
Event  172 - End node Shape
Event  173 - End node Transform
Event  174 - End node Scene
Event  175 - End node X3D
Event  176 - End Document