Event    1 - Start Document
Event    2 - Start node X3D with 1 attribute(s): profile 
Event    3 - Start node head with 0 attribute(s): 
Event    4 - Start node meta with 2 attribute(s): name profile 
Event    5 - End node meta
Event    6 - End node head
Event    7 - Start node Scene with 0 attribute(s): 
Event    8 - Start node Transform with 1 attribute(s): translation 
Event    9 - Start node Shape with 0 attribute(s): 
Event   10 - Start node IndexedFaceSet with 1 attribute(s): coordIndex 
Event   11 - Start node Coordinate with 1 attribute(s): point 
Event   12 - End node Coordinate
Event   13 - Start node MultiTextureCoordinate with 0 attribute(s): 
Event   14 - Start node TextureCoordinate with 1 attribute(s): point 
Event   15 - End node TextureCoordinate
Event   16 - Start node TextureCoordinate with 1 attribute(s): point 
Event   17 - End node TextureCoordinate
Event   18 - End node MultiTextureCoordinate
Event   19 - End node IndexedFaceSet
Event   20 - Start node Appearance with 0 attribute(s): 
Event   21 - Start node MultiTexture with 1 attribute(s): mode 
Event   22 - Start node ImageTexture with 1 attribute(s): url 
Event   23 - End node ImageTexture
Event   24 - Start node ImageTexture with 1 attribute(s): url 
Event   25 - End node ImageTexture
Event   26 - End node MultiTexture
Event   27 - End node Appearance
Event   28 - End node Shape
Event   29 - End node Transform
Event   30 - End node Scene
Event   31 - End node X3D
Event   32 - End Document