Event    1 - Start Document
Event    2 - Start node X3D with 1 attribute(s): profile 
Event    3 - Start node head with 0 attribute(s): 
Event    4 - Start node meta with 2 attribute(s): name profile 
Event    5 - End node meta
Event    6 - End node head
Event    7 - Start node Scene with 0 attribute(s): 
Event    8 - Start node TimeSensor with 3 attribute(s): DEF loop cycleInterval 
Event    9 - End node TimeSensor
Event   10 - Start node NormalInterpolator with 3 attribute(s): DEF key keyValue 
Event   11 - End node NormalInterpolator
Event   12 - Start node Transform with 0 attribute(s): 
Event   13 - Start node Shape with 0 attribute(s): 
Event   14 - Start node Appearance with 0 attribute(s): 
Event   15 - Start node Material with 0 attribute(s): 
Event   16 - End node Material
Event   17 - End node Appearance
Event   18 - Start node IndexedFaceSet with 1 attribute(s): coordIndex 
Event   19 - Start node Normal with 2 attribute(s): DEF vector 
Event   20 - End node Normal
Event   21 - Start node Coordinate with 1 attribute(s): point 
Event   22 - End node Coordinate
Event   23 - End node IndexedFaceSet
Event   24 - End node Shape
Event   25 - End node Transform
Event   26 - Start node ROUTE with 4 attribute(s): fromField fromNode toField toNode 
Event   27 - End node ROUTE
Event   28 - Start node ROUTE with 4 attribute(s): fromField fromNode toField toNode 
Event   29 - End node ROUTE
Event   30 - End node Scene
Event   31 - End node X3D
Event   32 - End Document