Event    1 - Start Document
Event    2 - Start node X3D with 1 attribute(s): profile 
Event    3 - Start node head with 0 attribute(s): 
Event    4 - Start node meta with 2 attribute(s): name profile 
Event    5 - End node meta
Event    6 - End node head
Event    7 - Start node Scene with 0 attribute(s): 
Event    8 - Start node Transform with 2 attribute(s): translation rotation 
Event    9 - Start node Shape with 0 attribute(s): 
Event   10 - Start node Appearance with 0 attribute(s): 
Event   11 - Start node Material with 0 attribute(s): 
Event   12 - End node Material
Event   13 - End node Appearance
Event   14 - Start node Sphere with 1 attribute(s): radius 
Event   15 - End node Sphere
Event   16 - End node Shape
Event   17 - End node Transform
Event   18 - Start node Transform with 2 attribute(s): translation rotation 
Event   19 - Start node Shape with 0 attribute(s): 
Event   20 - Start node Appearance with 0 attribute(s): 
Event   21 - Start node Material with 0 attribute(s): 
Event   22 - End node Material
Event   23 - End node Appearance
Event   24 - Start node Sphere with 1 attribute(s): radius 
Event   25 - End node Sphere
Event   26 - End node Shape
Event   27 - End node Transform
Event   28 - Start node Transform with 2 attribute(s): translation rotation 
Event   29 - Start node Shape with 0 attribute(s): 
Event   30 - Start node Appearance with 0 attribute(s): 
Event   31 - Start node Material with 0 attribute(s): 
Event   32 - End node Material
Event   33 - End node Appearance
Event   34 - Start node Sphere with 1 attribute(s): radius 
Event   35 - End node Sphere
Event   36 - End node Shape
Event   37 - End node Transform
Event   38 - Start node Transform with 2 attribute(s): translation rotation 
Event   39 - Start node Shape with 0 attribute(s): 
Event   40 - Start node Appearance with 0 attribute(s): 
Event   41 - Start node Material with 0 attribute(s): 
Event   42 - End node Material
Event   43 - End node Appearance
Event   44 - Start node Sphere with 1 attribute(s): radius 
Event   45 - End node Sphere
Event   46 - End node Shape
Event   47 - End node Transform
Event   48 - Start node Transform with 2 attribute(s): translation rotation 
Event   49 - Start node Shape with 0 attribute(s): 
Event   50 - Start node Appearance with 0 attribute(s): 
Event   51 - Start node Material with 0 attribute(s): 
Event   52 - End node Material
Event   53 - End node Appearance
Event   54 - Start node Sphere with 1 attribute(s): radius 
Event   55 - End node Sphere
Event   56 - End node Shape
Event   57 - End node Transform
Event   58 - Start node Transform with 2 attribute(s): translation rotation 
Event   59 - Start node Shape with 0 attribute(s): 
Event   60 - Start node Appearance with 0 attribute(s): 
Event   61 - Start node Material with 0 attribute(s): 
Event   62 - End node Material
Event   63 - End node Appearance
Event   64 - Start node Sphere with 1 attribute(s): radius 
Event   65 - End node Sphere
Event   66 - End node Shape
Event   67 - End node Transform
Event   68 - End node Scene
Event   69 - End node X3D
Event   70 - End Document