Event    1 - Start Document
Event    2 - Start node X3D with 1 attribute(s): profile 
Event    3 - Start node head with 0 attribute(s): 
Event    4 - Start node meta with 2 attribute(s): name profile 
Event    5 - End node meta
Event    6 - End node head
Event    7 - Start node Scene with 0 attribute(s): 
Event    8 - Start node Transform with 1 attribute(s): translation 
Event    9 - Start node Shape with 0 attribute(s): 
Event   10 - Start node Appearance with 0 attribute(s): 
Event   11 - Start node Material with 0 attribute(s): 
Event   12 - End node Material
Event   13 - End node Appearance
Event   14 - Start node Box with 0 attribute(s): 
Event   15 - End node Box
Event   16 - End node Shape
Event   17 - End node Transform
Event   18 - Start node Transform with 2 attribute(s): translation rotation 
Event   19 - Start node Shape with 0 attribute(s): 
Event   20 - Start node Appearance with 0 attribute(s): 
Event   21 - Start node Material with 0 attribute(s): 
Event   22 - End node Material
Event   23 - End node Appearance
Event   24 - Start node Box with 0 attribute(s): 
Event   25 - End node Box
Event   26 - End node Shape
Event   27 - End node Transform
Event   28 - Start node Transform with 2 attribute(s): translation rotation 
Event   29 - Start node Shape with 0 attribute(s): 
Event   30 - Start node Appearance with 0 attribute(s): 
Event   31 - Start node Material with 0 attribute(s): 
Event   32 - End node Material
Event   33 - End node Appearance
Event   34 - Start node Box with 0 attribute(s): 
Event   35 - End node Box
Event   36 - End node Shape
Event   37 - End node Transform
Event   38 - End node Scene
Event   39 - End node X3D
Event   40 - End Document