Event    1 - Start Document
Event    2 - Start node X3D with 1 attribute(s): profile 
Event    3 - Start node head with 0 attribute(s): 
Event    4 - Start node meta with 2 attribute(s): name profile 
Event    5 - End node meta
Event    6 - End node head
Event    7 - Start node Scene with 0 attribute(s): 
Event    8 - Start node Transform with 2 attribute(s): translation rotation 
Event    9 - Start node Transform with 0 attribute(s): 
Event   10 - Start node Shape with 0 attribute(s): 
Event   11 - Start node Appearance with 0 attribute(s): 
Event   12 - Start node Material with 0 attribute(s): 
Event   13 - End node Material
Event   14 - End node Appearance
Event   15 - Start node Cylinder with 2 attribute(s): height radius 
Event   16 - End node Cylinder
Event   17 - End node Shape
Event   18 - Start node Transform with 2 attribute(s): center rotation 
Event   19 - Start node Shape with 0 attribute(s): 
Event   20 - Start node Appearance with 0 attribute(s): 
Event   21 - Start node Material with 0 attribute(s): 
Event   22 - End node Material
Event   23 - End node Appearance
Event   24 - Start node Cylinder with 2 attribute(s): height radius 
Event   25 - End node Cylinder
Event   26 - End node Shape
Event   27 - End node Transform
Event   28 - Start node Transform with 2 attribute(s): center rotation 
Event   29 - Start node Shape with 0 attribute(s): 
Event   30 - Start node Appearance with 0 attribute(s): 
Event   31 - Start node Material with 0 attribute(s): 
Event   32 - End node Material
Event   33 - End node Appearance
Event   34 - Start node Cylinder with 2 attribute(s): height radius 
Event   35 - End node Cylinder
Event   36 - End node Shape
Event   37 - End node Transform
Event   38 - End node Transform
Event   39 - End node Transform
Event   40 - Start node Transform with 2 attribute(s): translation rotation 
Event   41 - Start node Transform with 0 attribute(s): 
Event   42 - Start node Shape with 0 attribute(s): 
Event   43 - Start node Appearance with 0 attribute(s): 
Event   44 - Start node Material with 0 attribute(s): 
Event   45 - End node Material
Event   46 - End node Appearance
Event   47 - Start node Cylinder with 2 attribute(s): height radius 
Event   48 - End node Cylinder
Event   49 - End node Shape
Event   50 - Start node Transform with 2 attribute(s): center rotation 
Event   51 - Start node Shape with 0 attribute(s): 
Event   52 - Start node Appearance with 0 attribute(s): 
Event   53 - Start node Material with 0 attribute(s): 
Event   54 - End node Material
Event   55 - End node Appearance
Event   56 - Start node Cylinder with 2 attribute(s): height radius 
Event   57 - End node Cylinder
Event   58 - End node Shape
Event   59 - End node Transform
Event   60 - Start node Transform with 2 attribute(s): center rotation 
Event   61 - Start node Shape with 0 attribute(s): 
Event   62 - Start node Appearance with 0 attribute(s): 
Event   63 - Start node Material with 0 attribute(s): 
Event   64 - End node Material
Event   65 - End node Appearance
Event   66 - Start node Cylinder with 2 attribute(s): height radius 
Event   67 - End node Cylinder
Event   68 - End node Shape
Event   69 - End node Transform
Event   70 - End node Transform
Event   71 - End node Transform
Event   72 - Start node Transform with 2 attribute(s): translation rotation 
Event   73 - Start node Transform with 0 attribute(s): 
Event   74 - Start node Shape with 0 attribute(s): 
Event   75 - Start node Appearance with 0 attribute(s): 
Event   76 - Start node Material with 0 attribute(s): 
Event   77 - End node Material
Event   78 - End node Appearance
Event   79 - Start node Cylinder with 2 attribute(s): height radius 
Event   80 - End node Cylinder
Event   81 - End node Shape
Event   82 - Start node Transform with 2 attribute(s): center rotation 
Event   83 - Start node Shape with 0 attribute(s): 
Event   84 - Start node Appearance with 0 attribute(s): 
Event   85 - Start node Material with 0 attribute(s): 
Event   86 - End node Material
Event   87 - End node Appearance
Event   88 - Start node Cylinder with 2 attribute(s): height radius 
Event   89 - End node Cylinder
Event   90 - End node Shape
Event   91 - End node Transform
Event   92 - Start node Transform with 2 attribute(s): center rotation 
Event   93 - Start node Shape with 0 attribute(s): 
Event   94 - Start node Appearance with 0 attribute(s): 
Event   95 - Start node Material with 0 attribute(s): 
Event   96 - End node Material
Event   97 - End node Appearance
Event   98 - Start node Cylinder with 2 attribute(s): height radius 
Event   99 - End node Cylinder
Event  100 - End node Shape
Event  101 - End node Transform
Event  102 - End node Transform
Event  103 - End node Transform
Event  104 - Start node Transform with 2 attribute(s): translation rotation 
Event  105 - Start node Transform with 0 attribute(s): 
Event  106 - Start node Shape with 0 attribute(s): 
Event  107 - Start node Appearance with 0 attribute(s): 
Event  108 - Start node Material with 0 attribute(s): 
Event  109 - End node Material
Event  110 - End node Appearance
Event  111 - Start node Cylinder with 2 attribute(s): height radius 
Event  112 - End node Cylinder
Event  113 - End node Shape
Event  114 - Start node Transform with 2 attribute(s): center rotation 
Event  115 - Start node Shape with 0 attribute(s): 
Event  116 - Start node Appearance with 0 attribute(s): 
Event  117 - Start node Material with 0 attribute(s): 
Event  118 - End node Material
Event  119 - End node Appearance
Event  120 - Start node Cylinder with 2 attribute(s): height radius 
Event  121 - End node Cylinder
Event  122 - End node Shape
Event  123 - End node Transform
Event  124 - Start node Transform with 2 attribute(s): center rotation 
Event  125 - Start node Shape with 0 attribute(s): 
Event  126 - Start node Appearance with 0 attribute(s): 
Event  127 - Start node Material with 0 attribute(s): 
Event  128 - End node Material
Event  129 - End node Appearance
Event  130 - Start node Cylinder with 2 attribute(s): height radius 
Event  131 - End node Cylinder
Event  132 - End node Shape
Event  133 - End node Transform
Event  134 - End node Transform
Event  135 - End node Transform
Event  136 - Start node Transform with 2 attribute(s): translation rotation 
Event  137 - Start node Transform with 0 attribute(s): 
Event  138 - Start node Shape with 0 attribute(s): 
Event  139 - Start node Appearance with 0 attribute(s): 
Event  140 - Start node Material with 0 attribute(s): 
Event  141 - End node Material
Event  142 - End node Appearance
Event  143 - Start node Cylinder with 2 attribute(s): height radius 
Event  144 - End node Cylinder
Event  145 - End node Shape
Event  146 - Start node Transform with 2 attribute(s): center rotation 
Event  147 - Start node Shape with 0 attribute(s): 
Event  148 - Start node Appearance with 0 attribute(s): 
Event  149 - Start node Material with 0 attribute(s): 
Event  150 - End node Material
Event  151 - End node Appearance
Event  152 - Start node Cylinder with 2 attribute(s): height radius 
Event  153 - End node Cylinder
Event  154 - End node Shape
Event  155 - End node Transform
Event  156 - Start node Transform with 2 attribute(s): center rotation 
Event  157 - Start node Shape with 0 attribute(s): 
Event  158 - Start node Appearance with 0 attribute(s): 
Event  159 - Start node Material with 0 attribute(s): 
Event  160 - End node Material
Event  161 - End node Appearance
Event  162 - Start node Cylinder with 2 attribute(s): height radius 
Event  163 - End node Cylinder
Event  164 - End node Shape
Event  165 - End node Transform
Event  166 - End node Transform
Event  167 - End node Transform
Event  168 - Start node Transform with 2 attribute(s): translation rotation 
Event  169 - Start node Transform with 0 attribute(s): 
Event  170 - Start node Shape with 0 attribute(s): 
Event  171 - Start node Appearance with 0 attribute(s): 
Event  172 - Start node Material with 0 attribute(s): 
Event  173 - End node Material
Event  174 - End node Appearance
Event  175 - Start node Cylinder with 2 attribute(s): height radius 
Event  176 - End node Cylinder
Event  177 - End node Shape
Event  178 - Start node Transform with 2 attribute(s): center rotation 
Event  179 - Start node Shape with 0 attribute(s): 
Event  180 - Start node Appearance with 0 attribute(s): 
Event  181 - Start node Material with 0 attribute(s): 
Event  182 - End node Material
Event  183 - End node Appearance
Event  184 - Start node Cylinder with 2 attribute(s): height radius 
Event  185 - End node Cylinder
Event  186 - End node Shape
Event  187 - End node Transform
Event  188 - Start node Transform with 2 attribute(s): center rotation 
Event  189 - Start node Shape with 0 attribute(s): 
Event  190 - Start node Appearance with 0 attribute(s): 
Event  191 - Start node Material with 0 attribute(s): 
Event  192 - End node Material
Event  193 - End node Appearance
Event  194 - Start node Cylinder with 2 attribute(s): height radius 
Event  195 - End node Cylinder
Event  196 - End node Shape
Event  197 - End node Transform
Event  198 - End node Transform
Event  199 - End node Transform
Event  200 - End node Scene
Event  201 - End node X3D
Event  202 - End Document