Event    1 - Start Document
Event    2 - Start node X3D with 1 attribute(s): profile 
Event    3 - Start node head with 0 attribute(s): 
Event    4 - Start node meta with 2 attribute(s): name profile 
Event    5 - End node meta
Event    6 - End node head
Event    7 - Start node Scene with 0 attribute(s): 
Event    8 - Start node Transform with 2 attribute(s): translation rotation 
Event    9 - Start node Transform with 1 attribute(s): translation 
Event   10 - Start node Transform with 2 attribute(s): scale scaleOrientation 
Event   11 - Start node Transform with 1 attribute(s): translation 
Event   12 - Start node Transform with 1 attribute(s): rotation 
Event   13 - Start node Shape with 0 attribute(s): 
Event   14 - Start node Appearance with 0 attribute(s): 
Event   15 - Start node Material with 0 attribute(s): 
Event   16 - End node Material
Event   17 - End node Appearance
Event   18 - Start node Box with 1 attribute(s): size 
Event   19 - End node Box
Event   20 - End node Shape
Event   21 - End node Transform
Event   22 - End node Transform
Event   23 - End node Transform
Event   24 - End node Transform
Event   25 - End node Transform
Event   26 - Start node Transform with 2 attribute(s): translation rotation 
Event   27 - Start node Transform with 1 attribute(s): translation 
Event   28 - Start node Transform with 2 attribute(s): scale scaleOrientation 
Event   29 - Start node Transform with 1 attribute(s): translation 
Event   30 - Start node Transform with 1 attribute(s): rotation 
Event   31 - Start node Shape with 0 attribute(s): 
Event   32 - Start node Appearance with 0 attribute(s): 
Event   33 - Start node Material with 0 attribute(s): 
Event   34 - End node Material
Event   35 - End node Appearance
Event   36 - Start node Box with 1 attribute(s): size 
Event   37 - End node Box
Event   38 - End node Shape
Event   39 - End node Transform
Event   40 - End node Transform
Event   41 - End node Transform
Event   42 - End node Transform
Event   43 - End node Transform
Event   44 - Start node Transform with 2 attribute(s): translation rotation 
Event   45 - Start node Transform with 1 attribute(s): translation 
Event   46 - Start node Transform with 2 attribute(s): scale scaleOrientation 
Event   47 - Start node Transform with 1 attribute(s): translation 
Event   48 - Start node Transform with 1 attribute(s): rotation 
Event   49 - Start node Shape with 0 attribute(s): 
Event   50 - Start node Appearance with 0 attribute(s): 
Event   51 - Start node Material with 0 attribute(s): 
Event   52 - End node Material
Event   53 - End node Appearance
Event   54 - Start node Box with 1 attribute(s): size 
Event   55 - End node Box
Event   56 - End node Shape
Event   57 - End node Transform
Event   58 - End node Transform
Event   59 - End node Transform
Event   60 - End node Transform
Event   61 - End node Transform
Event   62 - Start node Transform with 2 attribute(s): translation rotation 
Event   63 - Start node Transform with 1 attribute(s): translation 
Event   64 - Start node Transform with 2 attribute(s): scale scaleOrientation 
Event   65 - Start node Transform with 1 attribute(s): translation 
Event   66 - Start node Transform with 1 attribute(s): rotation 
Event   67 - Start node Shape with 0 attribute(s): 
Event   68 - Start node Appearance with 0 attribute(s): 
Event   69 - Start node Material with 0 attribute(s): 
Event   70 - End node Material
Event   71 - End node Appearance
Event   72 - Start node Box with 1 attribute(s): size 
Event   73 - End node Box
Event   74 - End node Shape
Event   75 - End node Transform
Event   76 - End node Transform
Event   77 - End node Transform
Event   78 - End node Transform
Event   79 - End node Transform
Event   80 - Start node Transform with 2 attribute(s): translation rotation 
Event   81 - Start node Transform with 1 attribute(s): translation 
Event   82 - Start node Transform with 2 attribute(s): scale scaleOrientation 
Event   83 - Start node Transform with 1 attribute(s): translation 
Event   84 - Start node Transform with 1 attribute(s): rotation 
Event   85 - Start node Shape with 0 attribute(s): 
Event   86 - Start node Appearance with 0 attribute(s): 
Event   87 - Start node Material with 0 attribute(s): 
Event   88 - End node Material
Event   89 - End node Appearance
Event   90 - Start node Box with 1 attribute(s): size 
Event   91 - End node Box
Event   92 - End node Shape
Event   93 - End node Transform
Event   94 - End node Transform
Event   95 - End node Transform
Event   96 - End node Transform
Event   97 - End node Transform
Event   98 - Start node Transform with 2 attribute(s): translation rotation 
Event   99 - Start node Transform with 1 attribute(s): translation 
Event  100 - Start node Transform with 2 attribute(s): scale scaleOrientation 
Event  101 - Start node Transform with 1 attribute(s): translation 
Event  102 - Start node Transform with 1 attribute(s): rotation 
Event  103 - Start node Shape with 0 attribute(s): 
Event  104 - Start node Appearance with 0 attribute(s): 
Event  105 - Start node Material with 0 attribute(s): 
Event  106 - End node Material
Event  107 - End node Appearance
Event  108 - Start node Box with 1 attribute(s): size 
Event  109 - End node Box
Event  110 - End node Shape
Event  111 - End node Transform
Event  112 - End node Transform
Event  113 - End node Transform
Event  114 - End node Transform
Event  115 - End node Transform
Event  116 - End node Scene
Event  117 - End node X3D
Event  118 - End Document