Event    1 - Start Document
Event    2 - Start node X3D with 1 attribute(s): profile 
Event    3 - Start node head with 0 attribute(s): 
Event    4 - Start node meta with 2 attribute(s): name profile 
Event    5 - End node meta
Event    6 - End node head
Event    7 - Start node Scene with 0 attribute(s): 
Event    8 - Start node Transform with 2 attribute(s): translation rotation 
Event    9 - Start node Shape with 0 attribute(s): 
Event   10 - Start node TriangleStripSet with 1 attribute(s): stripCount 
Event   11 - Start node Coordinate with 1 attribute(s): point 
Event   12 - End node Coordinate
Event   13 - Start node Color with 1 attribute(s): color 
Event   14 - End node Color
Event   15 - End node TriangleStripSet
Event   16 - End node Shape
Event   17 - End node Transform
Event   18 - Start node Transform with 2 attribute(s): translation rotation 
Event   19 - Start node Shape with 0 attribute(s): 
Event   20 - Start node TriangleStripSet with 1 attribute(s): stripCount 
Event   21 - Start node Coordinate with 1 attribute(s): point 
Event   22 - End node Coordinate
Event   23 - Start node Color with 1 attribute(s): color 
Event   24 - End node Color
Event   25 - End node TriangleStripSet
Event   26 - End node Shape
Event   27 - End node Transform
Event   28 - Start node Transform with 2 attribute(s): translation rotation 
Event   29 - Start node Shape with 0 attribute(s): 
Event   30 - Start node TriangleStripSet with 1 attribute(s): stripCount 
Event   31 - Start node Coordinate with 1 attribute(s): point 
Event   32 - End node Coordinate
Event   33 - Start node Color with 1 attribute(s): color 
Event   34 - End node Color
Event   35 - End node TriangleStripSet
Event   36 - End node Shape
Event   37 - End node Transform
Event   38 - Start node Transform with 2 attribute(s): translation rotation 
Event   39 - Start node Shape with 0 attribute(s): 
Event   40 - Start node TriangleStripSet with 1 attribute(s): stripCount 
Event   41 - Start node Coordinate with 1 attribute(s): point 
Event   42 - End node Coordinate
Event   43 - Start node Color with 1 attribute(s): color 
Event   44 - End node Color
Event   45 - End node TriangleStripSet
Event   46 - End node Shape
Event   47 - End node Transform
Event   48 - Start node Transform with 2 attribute(s): translation rotation 
Event   49 - Start node Shape with 0 attribute(s): 
Event   50 - Start node TriangleStripSet with 1 attribute(s): stripCount 
Event   51 - Start node Coordinate with 1 attribute(s): point 
Event   52 - End node Coordinate
Event   53 - Start node Color with 1 attribute(s): color 
Event   54 - End node Color
Event   55 - End node TriangleStripSet
Event   56 - End node Shape
Event   57 - End node Transform
Event   58 - Start node Transform with 2 attribute(s): translation rotation 
Event   59 - Start node Shape with 0 attribute(s): 
Event   60 - Start node TriangleStripSet with 1 attribute(s): stripCount 
Event   61 - Start node Coordinate with 1 attribute(s): point 
Event   62 - End node Coordinate
Event   63 - Start node Color with 1 attribute(s): color 
Event   64 - End node Color
Event   65 - End node TriangleStripSet
Event   66 - End node Shape
Event   67 - End node Transform
Event   68 - End node Scene
Event   69 - End node X3D
Event   70 - End Document